0 info it worked if it ends with ok
1 verbose cli [ 'E:\\Program Files\\nodejs\\node.exe',
1 verbose cli   'C:\\Users\\shuang06\\AppData\\Roaming\\npm\\node_modules\\npm\\bin\\npm-cli.js',
1 verbose cli   'run',
1 verbose cli   'watch:css' ]
2 info using npm@4.1.1
3 info using node@v8.9.4
4 verbose run-script [ 'prewatch:css', 'watch:css', 'postwatch:css' ]
5 info lifecycle CampaignBuildTool@1.0.0~prewatch:css: CampaignBuildTool@1.0.0
6 silly lifecycle CampaignBuildTool@1.0.0~prewatch:css: no script for prewatch:css, continuing
7 info lifecycle CampaignBuildTool@1.0.0~watch:css: CampaignBuildTool@1.0.0
8 verbose lifecycle CampaignBuildTool@1.0.0~watch:css: unsafe-perm in lifecycle true
9 verbose lifecycle CampaignBuildTool@1.0.0~watch:css: PATH: C:\Users\shuang06\AppData\Roaming\npm\node_modules\npm\bin\node-gyp-bin;E:\Snow.Huang\project\dev\CampaignBuildTool\node_modules\.bin;C:\ProgramData\Oracle\Java\javapath;C:\Program Files (x86)\Intel\iCLS Client\;C:\Program Files\Intel\iCLS Client\;C:\Windows\system32;C:\Windows;C:\Windows\System32\Wbem;C:\Windows\System32\WindowsPowerShell\v1.0\;C:\Program Files (x86)\Intel\Intel(R) Management Engine Components\DAL;C:\Program Files\Intel\Intel(R) Management Engine Components\DAL;C:\Program Files (x86)\Intel\Intel(R) Management Engine Components\IPT;C:\Program Files\Intel\Intel(R) Management Engine Components\IPT;C:\Program Files (x86)\Skype\Phone\;E:\Program Files\Git\bin;E:\Program Files\nodejs\;C:\Users\shuang06\AppData\Roaming\npm;E:\Program Files\TortoiseSVN\bin;E:\Program Files\Git\mingw64\libexec\git-core;C:\Users\shuang06\scoop\shims;C:\Users\shuang06\AppData\Local\Programs\Python\Python36-32\Scripts\;C:\Users\shuang06\AppData\Local\Programs\Python\Python36-32\;C:\Users\shuang06\AppData\Local\Microsoft\WindowsApps;E:\Program Files\Microsoft VS Code\bin;C:\Users\shuang06\scoop\shims;C:\Python27\Scripts;C:\Python27\;C:\Users\shuang06\AppData\Roaming\npm
10 verbose lifecycle CampaignBuildTool@1.0.0~watch:css: CWD: E:\Snow.Huang\project\dev\CampaignBuildTool
11 silly lifecycle CampaignBuildTool@1.0.0~watch:css: Args: [ '/d /s /c',
11 silly lifecycle   'onchange "**/css/**/*.css" -e **/css/style.css -- node task/watch-postcss.js' ]
12 verbose stack Error: kill ENOSYS
12 verbose stack     at Object._errnoException (util.js:1022:11)
12 verbose stack     at process.kill (internal/process.js:183:18)
12 verbose stack     at process.listener (C:\Users\shuang06\AppData\Roaming\npm\node_modules\npm\node_modules\npmlog\node_modules\gauge\node_modules\signal-exit\index.js:95:15)
12 verbose stack     at emitNone (events.js:106:13)
12 verbose stack     at process.emit (events.js:208:7)
12 verbose stack     at processEmit (C:\Users\shuang06\AppData\Roaming\npm\node_modules\npm\node_modules\npmlog\node_modules\gauge\node_modules\signal-exit\index.js:155:32)
12 verbose stack     at Signal.wrap.onsignal (internal/process.js:208:44)
13 verbose cwd E:\Snow.Huang\project\dev\CampaignBuildTool\task
14 error Windows_NT 10.0.14393
15 error argv "E:\\Program Files\\nodejs\\node.exe" "C:\\Users\\shuang06\\AppData\\Roaming\\npm\\node_modules\\npm\\bin\\npm-cli.js" "run" "watch:css"
16 error node v8.9.4
17 error npm  v4.1.1
18 error code ENOSYS
19 error errno ENOSYS
20 error syscall kill
21 error kill ENOSYS
22 error If you need help, you may report this error at:
22 error     <https://github.com/npm/npm/issues>
23 verbose exit [ 1, true ]
